2023/09/28 15:17:53 INFO: log file has been opened
2023/09/28 15:17:53 INFO: the src file has been read
2023/09/28 15:17:53 WARNING: the WINDOW is empty
2023/09/28 15:17:53 WARNING: the WINDOW is empty
2023/09/28 15:17:53 WARNING: the WINDOW is empty
2023/09/28 15:17:53 WARNING: the WINDOW is empty
2023/09/28 15:17:53 WARNING: the WINDOW is empty
2023/09/28 15:17:53 WARNING: the WINDOW is empty
2023/09/28 15:17:53 WARNING: the WINDOW is empty
2023/09/28 15:17:53 WARNING: the WINDOW is empty
2023/09/28 15:17:53 WARNING: the WINDOW is empty
2023/09/28 15:17:53 WARNING: the WINDOW is empty
2023/09/28 15:17:53 WARNING: the WINDOW is empty
2023/09/28 15:17:53 WARNING: the WINDOW is empty
2023/09/28 15:17:53 WARNING: the WINDOW is empty
2023/09/28 15:17:53 WARNING: the WINDOW is empty
2023/09/28 15:17:53 WARNING: the WINDOW is empty
2023/09/28 15:17:53 WARNING: the WINDOW is empty
2023/09/28 15:17:53 WARNING: the WINDOW is empty
2023/09/28 15:17:53 WARNING: the WINDOW is empty
2023/09/28 15:17:53 WARNING: the WINDOW is empty
2023/09/28 15:17:53 WARNING: the WINDOW is empty
2023/09/28 15:17:53 WARNING: the WINDOW is empty
2023/09/28 15:17:53 WARNING: the WINDOW is empty
2023/09/28 15:17:53 WARNING: the WINDOW is empty
2023/09/28 15:17:53 WARNING: the WINDOW is empty
2023/09/28 15:17:53 WARNING: the WINDOW is empty
2023/09/28 15:17:53 WARNING: the WINDOW is empty
2023/09/28 15:17:53 WARNING: the WINDOW is empty
2023/09/28 15:17:53 WARNING: the WINDOW is empty
2023/09/28 15:17:53 WARNING: the WINDOW is empty
2023/09/28 15:17:53 WARNING: the WINDOW is empty
2023/09/28 15:17:53 WARNING: the WINDOW is empty
2023/09/28 15:17:53 WARNING: the WINDOW is empty
2023/09/28 15:17:53 WARNING: the WINDOW is empty
2023/09/28 15:17:53 WARNING: the WINDOW is empty
2023/09/28 15:17:53 WARNING: the WINDOW is empty
2023/09/28 15:17:53 WARNING: the WINDOW is empty
2023/09/28 15:17:53 WARNING: the WINDOW is empty
2023/09/28 15:17:53 WARNING: the WINDOW is empty
2023/09/28 15:17:53 WARNING: the WINDOW is empty
2023/09/28 15:17:53 WARNING: the WINDOW is empty
2023/09/28 15:17:53 WARNING: the WINDOW is empty
2023/09/28 15:17:53 WARNING: the WINDOW is empty
2023/09/28 15:17:53 WARNING: the WINDOW is empty
2023/09/28 15:17:53 WARNING: the WINDOW is empty
2023/09/28 15:17:53 WARNING: the WINDOW is empty
2023/09/28 15:17:53 WARNING: the WINDOW is empty
2023/09/28 15:17:53 WARNING: the WINDOW is empty
2023/09/28 15:17:53 WARNING: the WINDOW is empty
2023/09/28 15:17:53 WARNING: the WINDOW is empty
2023/09/28 15:17:53 WARNING: the WINDOW is empty
2023/09/28 15:17:53 WARNING: the WINDOW is empty
2023/09/28 15:17:53 WARNING: the WINDOW is empty
2023/09/28 15:17:53 WARNING: the WINDOW is empty
2023/09/28 15:17:53 WARNING: the WINDOW is empty
2023/09/28 15:17:53 WARNING: the WINDOW is empty
2023/09/28 15:17:53 WARNING: the WINDOW is empty
2023/09/28 15:17:53 WARNING: the WINDOW is empty
2023/09/28 15:17:53 WARNING: the WINDOW is empty
2023/09/28 15:17:53 WARNING: the WINDOW is empty
2023/09/28 15:17:53 WARNING: the WINDOW is empty
2023/09/28 15:17:53 WARNING: the WINDOW is empty
2023/09/28 15:17:53 WARNING: the LEN is empty
2023/09/28 15:17:53 WARNING: the TTL is empty
2023/09/28 15:17:53 WARINING: the ID is empty
2023/09/28 15:17:53 WARNING: the SPT is empty
2023/09/28 15:17:53 WARNING: the DPT is empty
2023/09/28 15:17:53 WARNING: the WINDOW is empty
2023/09/28 15:17:53 INFO: parsing is done
2023/09/28 18:15:14 INFO: log file has been opened
2023/09/28 18:15:14 INFO: the src file has been read
2023/09/28 18:15:14 WARNING: the WINDOW is empty
2023/09/28 18:15:14 WARNING: the WINDOW is empty
2023/09/28 18:15:14 WARNING: the WINDOW is empty
2023/09/28 18:15:14 WARNING: the WINDOW is empty
2023/09/28 18:15:14 WARNING: the WINDOW is empty
2023/09/28 18:15:14 WARNING: the WINDOW is empty
2023/09/28 18:15:14 WARNING: the WINDOW is empty
2023/09/28 18:15:14 WARNING: the WINDOW is empty
2023/09/28 18:15:14 WARNING: the WINDOW is empty
2023/09/28 18:15:14 WARNING: the WINDOW is empty
2023/09/28 18:15:14 WARNING: the WINDOW is empty
2023/09/28 18:15:14 WARNING: the WINDOW is empty
2023/09/28 18:15:14 WARNING: the WINDOW is empty
2023/09/28 18:15:14 WARNING: the WINDOW is empty
2023/09/28 18:15:14 WARNING: the WINDOW is empty
2023/09/28 18:15:14 WARNING: the WINDOW is empty
2023/09/28 18:15:14 WARNING: the WINDOW is empty
2023/09/28 18:15:14 WARNING: the WINDOW is empty
2023/09/28 18:15:14 WARNING: the WINDOW is empty
2023/09/28 18:15:14 WARNING: the WINDOW is empty
2023/09/28 18:15:14 WARNING: the WINDOW is empty
2023/09/28 18:15:14 WARNING: the WINDOW is empty
2023/09/28 18:15:14 WARNING: the WINDOW is empty
2023/09/28 18:15:14 WARNING: the WINDOW is empty
2023/09/28 18:15:14 WARNING: the WINDOW is empty
2023/09/28 18:15:14 WARNING: the WINDOW is empty
2023/09/28 18:15:14 WARNING: the WINDOW is empty
2023/09/28 18:15:14 WARNING: the WINDOW is empty
2023/09/28 18:15:14 WARNING: the WINDOW is empty
2023/09/28 18:15:14 WARNING: the WINDOW is empty
2023/09/28 18:15:14 WARNING: the WINDOW is empty
2023/09/28 18:15:14 WARNING: the WINDOW is empty
2023/09/28 18:15:14 WARNING: the WINDOW is empty
2023/09/28 18:15:14 WARNING: the WINDOW is empty
2023/09/28 18:15:14 WARNING: the WINDOW is empty
2023/09/28 18:15:14 WARNING: the WINDOW is empty
2023/09/28 18:15:14 WARNING: the WINDOW is empty
2023/09/28 18:15:14 WARNING: the WINDOW is empty
2023/09/28 18:15:14 WARNING: the WINDOW is empty
2023/09/28 18:15:14 WARNING: the WINDOW is empty
2023/09/28 18:15:14 WARNING: the WINDOW is empty
2023/09/28 18:15:14 WARNING: the WINDOW is empty
2023/09/28 18:15:14 WARNING: the WINDOW is empty
2023/09/28 18:15:14 WARNING: the WINDOW is empty
2023/09/28 18:15:14 WARNING: the WINDOW is empty
2023/09/28 18:15:14 WARNING: the WINDOW is empty
2023/09/28 18:15:14 WARNING: the WINDOW is empty
2023/09/28 18:15:14 WARNING: the WINDOW is empty
2023/09/28 18:15:14 WARNING: the WINDOW is empty
2023/09/28 18:15:14 WARNING: the WINDOW is empty
2023/09/28 18:15:14 WARNING: the WINDOW is empty
2023/09/28 18:15:14 WARNING: the WINDOW is empty
2023/09/28 18:15:14 WARNING: the WINDOW is empty
2023/09/28 18:15:14 WARNING: the WINDOW is empty
2023/09/28 18:15:14 WARNING: the WINDOW is empty
2023/09/28 18:15:14 WARNING: the WINDOW is empty
2023/09/28 18:15:14 WARNING: the WINDOW is empty
2023/09/28 18:15:14 WARNING: the WINDOW is empty
2023/09/28 18:15:14 WARNING: the WINDOW is empty
2023/09/28 18:15:14 WARNING: the WINDOW is empty
2023/09/28 18:15:14 WARNING: the WINDOW is empty
2023/09/28 18:15:14 WARNING: the LEN is empty
2023/09/28 18:15:14 WARNING: the TTL is empty
2023/09/28 18:15:14 WARINING: the ID is empty
2023/09/28 18:15:14 WARNING: the SPT is empty
2023/09/28 18:15:14 WARNING: the DPT is empty
2023/09/28 18:15:14 WARNING: the WINDOW is empty
2023/09/28 18:15:14 INFO: parsing is done
